[12:25:27] FINAL | tabular cuantil tau=0.35 + residual imagen (cap=0.08, alpha=1.0) | 5 seeds x 5 folds
[12:25:42] Propiedades: 11,840 | gate activo (con foto, >=3, no satelite): 4,922
[12:26:30]   seed 42: tabular MAE $119,923 (49s)
[12:27:10]   seed 99: tabular MAE $119,922 (39s)
[12:27:56]   seed 123: tabular MAE $119,450 (46s)
[12:28:35]   seed 456: tabular MAE $119,322 (40s)
[12:29:17]   seed 789: tabular MAE $119,773 (41s)
[12:29:17] ==============================================================================
[12:29:17] tabular  -> MAE $118,856 | wMAPE 21.26% | R2(log) 0.7452 | ROI +1.69% (win 81%, %malas 47)
[12:29:17] refined  -> MAE $117,491 | wMAPE 21.02% | ROI +1.81% (win 82%, %malas 47)
[12:29:17] ==============================================================================
[12:29:17] Sesgo% por decil (tabular -> refined):
    D0 $   51,276-$  186,920  +48.0% ->  +49.6%
    D1 $  186,923-$  269,060  +12.3% ->  +13.6%
    D2 $  269,071-$  339,959   +3.9% ->   +5.3%
    D3 $  340,000-$  407,346   -0.1% ->   +1.3%
    D4 $  407,419-$  472,283   -4.2% ->   -2.6%
    D5 $  472,295-$  550,823   -6.5% ->   -4.6%
    D6 $  550,832-$  656,109   -6.9% ->   -5.0%
    D7 $  656,164-$  813,856  -11.2% ->   -9.0%
    D8 $  813,917-$1,076,241  -14.7% ->  -12.3%
    D9 $1,076,282-$1,986,843  -25.9% ->  -23.7%
[12:29:17]   [gate=1 n=4,922] wMAPE tabular 19.37% -> refined 18.81%
[12:29:17] Guardado practice_submission.csv + comparison_oof.csv + oof_tabular.csv + refined_config.json
count    1.184000e+04
mean     5.145981e+05
std      2.847489e+05
min      7.879889e+04
25%      3.077170e+05
50%      4.508161e+05
75%      6.577167e+05
max      1.563261e+06
dtype: float64
